CRITICAL - 2023-10-05 17:58:32 --> Invalid file: "common/editar.php"
in SYSTEMPATH\Exceptions\FrameworkException.php on line 39.
 1 SYSTEMPATH\View\View.php(214): CodeIgniter\Exceptions\FrameworkException::forInvalidFile('common/editar.php')
 2 SYSTEMPATH\Common.php(1188): CodeIgniter\View\View->render('common/editar', [], true)
 3 APPPATH\Controllers\Alumno.php(59): view('common/editar', [...])
 4 SYSTEMPATH\CodeIgniter.php(919): App\Controllers\Alumno->editar('1')
 5 SYSTEMPATH\CodeIgniter.php(494): CodeIgniter\CodeIgniter->runController(Object(App\Controllers\Alumno))
 6 SYSTEMPATH\CodeIgniter.php(353): CodeIgniter\CodeIgniter->handleRequest(null, Object(Config\Cache), false)
 7 FCPATH\index.php(79): CodeIgniter\CodeIgniter->run()
 8 SYSTEMPATH\Commands\Server\rewrite.php(47): require_once('C:\\xampp\\htdocs\\app_web\\public\\index.php')
CRITICAL - 2023-10-05 17:58:38 --> Invalid file: "common/editar.php"
in SYSTEMPATH\Exceptions\FrameworkException.php on line 39.
 1 SYSTEMPATH\View\View.php(214): CodeIgniter\Exceptions\FrameworkException::forInvalidFile('common/editar.php')
 2 SYSTEMPATH\Common.php(1188): CodeIgniter\View\View->render('common/editar', [], true)
 3 APPPATH\Controllers\Alumno.php(59): view('common/editar', [...])
 4 SYSTEMPATH\CodeIgniter.php(919): App\Controllers\Alumno->editar('1')
 5 SYSTEMPATH\CodeIgniter.php(494): CodeIgniter\CodeIgniter->runController(Object(App\Controllers\Alumno))
 6 SYSTEMPATH\CodeIgniter.php(353): CodeIgniter\CodeIgniter->handleRequest(null, Object(Config\Cache), false)
 7 FCPATH\index.php(79): CodeIgniter\CodeIgniter->run()
 8 SYSTEMPATH\Commands\Server\rewrite.php(47): require_once('C:\\xampp\\htdocs\\app_web\\public\\index.php')
CRITICAL - 2023-10-05 17:59:05 --> Invalid file: "common/editar.php"
in SYSTEMPATH\Exceptions\FrameworkException.php on line 39.
 1 SYSTEMPATH\View\View.php(214): CodeIgniter\Exceptions\FrameworkException::forInvalidFile('common/editar.php')
 2 SYSTEMPATH\Common.php(1188): CodeIgniter\View\View->render('common/editar', [], true)
 3 APPPATH\Controllers\Alumno.php(59): view('common/editar', [...])
 4 SYSTEMPATH\CodeIgniter.php(919): App\Controllers\Alumno->editar('39')
 5 SYSTEMPATH\CodeIgniter.php(494): CodeIgniter\CodeIgniter->runController(Object(App\Controllers\Alumno))
 6 SYSTEMPATH\CodeIgniter.php(353): CodeIgniter\CodeIgniter->handleRequest(null, Object(Config\Cache), false)
 7 FCPATH\index.php(79): CodeIgniter\CodeIgniter->run()
 8 SYSTEMPATH\Commands\Server\rewrite.php(47): require_once('C:\\xampp\\htdocs\\app_web\\public\\index.php')
CRITICAL - 2023-10-05 17:59:55 --> Invalid file: "common/editar.php"
in SYSTEMPATH\Exceptions\FrameworkException.php on line 39.
 1 SYSTEMPATH\View\View.php(214): CodeIgniter\Exceptions\FrameworkException::forInvalidFile('common/editar.php')
 2 SYSTEMPATH\Common.php(1188): CodeIgniter\View\View->render('common/editar', [], true)
 3 APPPATH\Controllers\Alumno.php(59): view('common/editar', [...])
 4 SYSTEMPATH\CodeIgniter.php(919): App\Controllers\Alumno->editar('39')
 5 SYSTEMPATH\CodeIgniter.php(494): CodeIgniter\CodeIgniter->runController(Object(App\Controllers\Alumno))
 6 SYSTEMPATH\CodeIgniter.php(353): CodeIgniter\CodeIgniter->handleRequest(null, Object(Config\Cache), false)
 7 FCPATH\index.php(79): CodeIgniter\CodeIgniter->run()
 8 SYSTEMPATH\Commands\Server\rewrite.php(47): require_once('C:\\xampp\\htdocs\\app_web\\public\\index.php')
CRITICAL - 2023-10-05 18:00:00 --> Invalid file: "common/editar.php"
in SYSTEMPATH\Exceptions\FrameworkException.php on line 39.
 1 SYSTEMPATH\View\View.php(214): CodeIgniter\Exceptions\FrameworkException::forInvalidFile('common/editar.php')
 2 SYSTEMPATH\Common.php(1188): CodeIgniter\View\View->render('common/editar', [], true)
 3 APPPATH\Controllers\Alumno.php(59): view('common/editar', [...])
 4 SYSTEMPATH\CodeIgniter.php(919): App\Controllers\Alumno->editar('39')
 5 SYSTEMPATH\CodeIgniter.php(494): CodeIgniter\CodeIgniter->runController(Object(App\Controllers\Alumno))
 6 SYSTEMPATH\CodeIgniter.php(353): CodeIgniter\CodeIgniter->handleRequest(null, Object(Config\Cache), false)
 7 FCPATH\index.php(79): CodeIgniter\CodeIgniter->run()
 8 SYSTEMPATH\Commands\Server\rewrite.php(47): require_once('C:\\xampp\\htdocs\\app_web\\public\\index.php')
CRITICAL - 2023-10-05 18:02:13 --> Invalid file: "common/editar.php"
in SYSTEMPATH\Exceptions\FrameworkException.php on line 39.
 1 SYSTEMPATH\View\View.php(214): CodeIgniter\Exceptions\FrameworkException::forInvalidFile('common/editar.php')
 2 SYSTEMPATH\Common.php(1188): CodeIgniter\View\View->render('common/editar', [], true)
 3 APPPATH\Controllers\Alumno.php(59): view('common/editar', [...])
 4 SYSTEMPATH\CodeIgniter.php(919): App\Controllers\Alumno->editar('39')
 5 SYSTEMPATH\CodeIgniter.php(494): CodeIgniter\CodeIgniter->runController(Object(App\Controllers\Alumno))
 6 SYSTEMPATH\CodeIgniter.php(353): CodeIgniter\CodeIgniter->handleRequest(null, Object(Config\Cache), false)
 7 FCPATH\index.php(79): CodeIgniter\CodeIgniter->run()
 8 SYSTEMPATH\Commands\Server\rewrite.php(47): require_once('C:\\xampp\\htdocs\\app_web\\public\\index.php')
CRITICAL - 2023-10-05 18:04:37 --> Invalid file: "common/editar.php"
in SYSTEMPATH\Exceptions\FrameworkException.php on line 39.
 1 SYSTEMPATH\View\View.php(214): CodeIgniter\Exceptions\FrameworkException::forInvalidFile('common/editar.php')
 2 SYSTEMPATH\Common.php(1188): CodeIgniter\View\View->render('common/editar', [], true)
 3 APPPATH\Controllers\Alumno.php(59): view('common/editar', [...])
 4 SYSTEMPATH\CodeIgniter.php(919): App\Controllers\Alumno->editar('39')
 5 SYSTEMPATH\CodeIgniter.php(494): CodeIgniter\CodeIgniter->runController(Object(App\Controllers\Alumno))
 6 SYSTEMPATH\CodeIgniter.php(353): CodeIgniter\CodeIgniter->handleRequest(null, Object(Config\Cache), false)
 7 FCPATH\index.php(79): CodeIgniter\CodeIgniter->run()
 8 SYSTEMPATH\Commands\Server\rewrite.php(47): require_once('C:\\xampp\\htdocs\\app_web\\public\\index.php')
CRITICAL - 2023-10-05 18:04:39 --> Invalid file: "common/editar.php"
in SYSTEMPATH\Exceptions\FrameworkException.php on line 39.
 1 SYSTEMPATH\View\View.php(214): CodeIgniter\Exceptions\FrameworkException::forInvalidFile('common/editar.php')
 2 SYSTEMPATH\Common.php(1188): CodeIgniter\View\View->render('common/editar', [], true)
 3 APPPATH\Controllers\Alumno.php(59): view('common/editar', [...])
 4 SYSTEMPATH\CodeIgniter.php(919): App\Controllers\Alumno->editar('39')
 5 SYSTEMPATH\CodeIgniter.php(494): CodeIgniter\CodeIgniter->runController(Object(App\Controllers\Alumno))
 6 SYSTEMPATH\CodeIgniter.php(353): CodeIgniter\CodeIgniter->handleRequest(null, Object(Config\Cache), false)
 7 FCPATH\index.php(79): CodeIgniter\CodeIgniter->run()
 8 SYSTEMPATH\Commands\Server\rewrite.php(47): require_once('C:\\xampp\\htdocs\\app_web\\public\\index.php')
CRITICAL - 2023-10-05 18:04:40 --> Invalid file: "common/editar.php"
in SYSTEMPATH\Exceptions\FrameworkException.php on line 39.
 1 SYSTEMPATH\View\View.php(214): CodeIgniter\Exceptions\FrameworkException::forInvalidFile('common/editar.php')
 2 SYSTEMPATH\Common.php(1188): CodeIgniter\View\View->render('common/editar', [], true)
 3 APPPATH\Controllers\Alumno.php(59): view('common/editar', [...])
 4 SYSTEMPATH\CodeIgniter.php(919): App\Controllers\Alumno->editar('39')
 5 SYSTEMPATH\CodeIgniter.php(494): CodeIgniter\CodeIgniter->runController(Object(App\Controllers\Alumno))
 6 SYSTEMPATH\CodeIgniter.php(353): CodeIgniter\CodeIgniter->handleRequest(null, Object(Config\Cache), false)
 7 FCPATH\index.php(79): CodeIgniter\CodeIgniter->run()
 8 SYSTEMPATH\Commands\Server\rewrite.php(47): require_once('C:\\xampp\\htdocs\\app_web\\public\\index.php')
CRITICAL - 2023-10-05 18:07:16 --> Invalid file: "common/editar.php"
in SYSTEMPATH\Exceptions\FrameworkException.php on line 39.
 1 SYSTEMPATH\View\View.php(214): CodeIgniter\Exceptions\FrameworkException::forInvalidFile('common/editar.php')
 2 SYSTEMPATH\Common.php(1188): CodeIgniter\View\View->render('common/editar', [], true)
 3 APPPATH\Controllers\Alumno.php(59): view('common/editar', [...])
 4 SYSTEMPATH\CodeIgniter.php(919): App\Controllers\Alumno->editar('1')
 5 SYSTEMPATH\CodeIgniter.php(494): CodeIgniter\CodeIgniter->runController(Object(App\Controllers\Alumno))
 6 SYSTEMPATH\CodeIgniter.php(353): CodeIgniter\CodeIgniter->handleRequest(null, Object(Config\Cache), false)
 7 FCPATH\index.php(79): CodeIgniter\CodeIgniter->run()
 8 SYSTEMPATH\Commands\Server\rewrite.php(47): require_once('C:\\xampp\\htdocs\\app_web\\public\\index.php')
CRITICAL - 2023-10-05 18:20:58 --> syntax error, unexpected token "endif", expecting end of file
in APPPATH\Views\alumno\editar.php on line 28.
 1 SYSTEMPATH\View\View.php(229): CodeIgniter\View\View->CodeIgniter\View\{closure}()
 2 SYSTEMPATH\Common.php(1188): CodeIgniter\View\View->render('alumno/editar', [], true)
 3 APPPATH\Controllers\Alumno.php(59): view('alumno/editar', [...])
 4 SYSTEMPATH\CodeIgniter.php(919): App\Controllers\Alumno->editar('1')
 5 SYSTEMPATH\CodeIgniter.php(494): CodeIgniter\CodeIgniter->runController(Object(App\Controllers\Alumno))
 6 SYSTEMPATH\CodeIgniter.php(353): CodeIgniter\CodeIgniter->handleRequest(null, Object(Config\Cache), false)
 7 FCPATH\index.php(79): CodeIgniter\CodeIgniter->run()
 8 SYSTEMPATH\Commands\Server\rewrite.php(47): require_once('C:\\xampp\\htdocs\\app_web\\public\\index.php')
CRITICAL - 2023-10-05 18:21:24 --> syntax error, unexpected token "endif", expecting end of file
in APPPATH\Views\alumno\editar.php on line 28.
 1 SYSTEMPATH\View\View.php(229): CodeIgniter\View\View->CodeIgniter\View\{closure}()
 2 SYSTEMPATH\Common.php(1188): CodeIgniter\View\View->render('alumno/editar', [], true)
 3 APPPATH\Controllers\Alumno.php(59): view('alumno/editar', [...])
 4 SYSTEMPATH\CodeIgniter.php(919): App\Controllers\Alumno->editar('40')
 5 SYSTEMPATH\CodeIgniter.php(494): CodeIgniter\CodeIgniter->runController(Object(App\Controllers\Alumno))
 6 SYSTEMPATH\CodeIgniter.php(353): CodeIgniter\CodeIgniter->handleRequest(null, Object(Config\Cache), false)
 7 FCPATH\index.php(79): CodeIgniter\CodeIgniter->run()
 8 SYSTEMPATH\Commands\Server\rewrite.php(47): require_once('C:\\xampp\\htdocs\\app_web\\public\\index.php')
CRITICAL - 2023-10-05 18:21:38 --> syntax error, unexpected token "endif", expecting end of file
in APPPATH\Views\alumno\editar.php on line 28.
 1 SYSTEMPATH\View\View.php(229): CodeIgniter\View\View->CodeIgniter\View\{closure}()
 2 SYSTEMPATH\Common.php(1188): CodeIgniter\View\View->render('alumno/editar', [], true)
 3 APPPATH\Controllers\Alumno.php(59): view('alumno/editar', [...])
 4 SYSTEMPATH\CodeIgniter.php(919): App\Controllers\Alumno->editar('40')
 5 SYSTEMPATH\CodeIgniter.php(494): CodeIgniter\CodeIgniter->runController(Object(App\Controllers\Alumno))
 6 SYSTEMPATH\CodeIgniter.php(353): CodeIgniter\CodeIgniter->handleRequest(null, Object(Config\Cache), false)
 7 FCPATH\index.php(79): CodeIgniter\CodeIgniter->run()
 8 SYSTEMPATH\Commands\Server\rewrite.php(47): require_once('C:\\xampp\\htdocs\\app_web\\public\\index.php')
CRITICAL - 2023-10-05 18:39:32 --> Undefined constant "alumno"
in APPPATH\Views\alumno\editar.php on line 11.
 1 SYSTEMPATH\View\View.php(226): include()
 2 SYSTEMPATH\View\View.php(229): CodeIgniter\View\View->CodeIgniter\View\{closure}()
 3 SYSTEMPATH\Common.php(1188): CodeIgniter\View\View->render('alumno/editar', [], true)
 4 APPPATH\Controllers\Alumno.php(59): view('alumno/editar', [...])
 5 SYSTEMPATH\CodeIgniter.php(919): App\Controllers\Alumno->editar('41')
 6 SYSTEMPATH\CodeIgniter.php(494): CodeIgniter\CodeIgniter->runController(Object(App\Controllers\Alumno))
 7 SYSTEMPATH\CodeIgniter.php(353): CodeIgniter\CodeIgniter->handleRequest(null, Object(Config\Cache), false)
 8 FCPATH\index.php(79): CodeIgniter\CodeIgniter->run()
 9 SYSTEMPATH\Commands\Server\rewrite.php(47): require_once('C:\\xampp\\htdocs\\app_web\\public\\index.php')
CRITICAL - 2023-10-05 18:42:01 --> Undefined array key "sexo"
in APPPATH\Controllers\Alumno.php on line 68.
 1 APPPATH\Controllers\Alumno.php(68): CodeIgniter\Debug\Exceptions->errorHandler(2, 'Undefined array key "sexo"', 'C:\\xampp\\htdocs\\app_web\\app\\Controllers\\Alumno.php', 68)
 2 SYSTEMPATH\CodeIgniter.php(919): App\Controllers\Alumno->update()
 3 SYSTEMPATH\CodeIgniter.php(494): CodeIgniter\CodeIgniter->runController(Object(App\Controllers\Alumno))
 4 SYSTEMPATH\CodeIgniter.php(353): CodeIgniter\CodeIgniter->handleRequest(null, Object(Config\Cache), false)
 5 FCPATH\index.php(79): CodeIgniter\CodeIgniter->run()
 6 SYSTEMPATH\Commands\Server\rewrite.php(47): require_once('C:\\xampp\\htdocs\\app_web\\public\\index.php')
CRITICAL - 2023-10-05 18:46:40 --> Undefined property: stdClass::$FechaNacimiento
in APPPATH\Views\alumno\editar.php on line 17.
 1 APPPATH\Views\alumno\editar.php(17): CodeIgniter\Debug\Exceptions->errorHandler(2, 'Undefined property: stdClass::$FechaNacimiento', 'C:\\xampp\\htdocs\\app_web\\app\\Views\\alumno\\editar.php', 17)
 2 SYSTEMPATH\View\View.php(226): include('C:\\xampp\\htdocs\\app_web\\app\\Views\\alumno\\editar.php')
 3 SYSTEMPATH\View\View.php(229): CodeIgniter\View\View->CodeIgniter\View\{closure}()
 4 SYSTEMPATH\Common.php(1188): CodeIgniter\View\View->render('alumno/editar', [], true)
 5 APPPATH\Controllers\Alumno.php(59): view('alumno/editar', [...])
 6 SYSTEMPATH\CodeIgniter.php(919): App\Controllers\Alumno->editar('27')
 7 SYSTEMPATH\CodeIgniter.php(494): CodeIgniter\CodeIgniter->runController(Object(App\Controllers\Alumno))
 8 SYSTEMPATH\CodeIgniter.php(353): CodeIgniter\CodeIgniter->handleRequest(null, Object(Config\Cache), false)
 9 FCPATH\index.php(79): CodeIgniter\CodeIgniter->run()
10 SYSTEMPATH\Commands\Server\rewrite.php(47): require_once('C:\\xampp\\htdocs\\app_web\\public\\index.php')
