CRITICAL - 2023-10-17 15:59:51 --> Invalid file: "home/home.php"
in SYSTEMPATH\Exceptions\FrameworkException.php on line 39.
 1 SYSTEMPATH\View\View.php(214): CodeIgniter\Exceptions\FrameworkException::forInvalidFile('home/home.php')
 2 SYSTEMPATH\Common.php(1188): CodeIgniter\View\View->render('home/home', [], true)
 3 APPPATH\Controllers\Home.php(9): view('home/home')
 4 SYSTEMPATH\CodeIgniter.php(919): App\Controllers\Home->index()
 5 SYSTEMPATH\CodeIgniter.php(494): CodeIgniter\CodeIgniter->runController(Object(App\Controllers\Home))
 6 SYSTEMPATH\CodeIgniter.php(353): CodeIgniter\CodeIgniter->handleRequest(null, Object(Config\Cache), false)
 7 FCPATH\index.php(79): CodeIgniter\CodeIgniter->run()
 8 SYSTEMPATH\Commands\Server\rewrite.php(47): require_once('C:\\xampp\\htdocs\\app_web\\public\\index.php')
CRITICAL - 2023-10-17 16:07:14 --> Invalid file: "home/home.php"
in SYSTEMPATH\Exceptions\FrameworkException.php on line 39.
 1 SYSTEMPATH\View\View.php(214): CodeIgniter\Exceptions\FrameworkException::forInvalidFile('home/home.php')
 2 SYSTEMPATH\Common.php(1188): CodeIgniter\View\View->render('home/home', [], true)
 3 APPPATH\Controllers\Home.php(9): view('home/home')
 4 SYSTEMPATH\CodeIgniter.php(919): App\Controllers\Home->index()
 5 SYSTEMPATH\CodeIgniter.php(494): CodeIgniter\CodeIgniter->runController(Object(App\Controllers\Home))
 6 SYSTEMPATH\CodeIgniter.php(353): CodeIgniter\CodeIgniter->handleRequest(null, Object(Config\Cache), false)
 7 FCPATH\index.php(79): CodeIgniter\CodeIgniter->run()
 8 SYSTEMPATH\Commands\Server\rewrite.php(47): require_once('C:\\xampp\\htdocs\\app_web\\public\\index.php')
CRITICAL - 2023-10-17 16:07:52 --> Undefined array key "fechaNacimiento"
in APPPATH\Controllers\Alumno.php on line 61.
 1 APPPATH\Controllers\Alumno.php(61): CodeIgniter\Debug\Exceptions->errorHandler(2, 'Undefined array key "fechaNacimiento"', 'C:\\xampp\\htdocs\\app_web\\app\\Controllers\\Alumno.php', 61)
 2 SYSTEMPATH\CodeIgniter.php(919): App\Controllers\Alumno->insert()
 3 SYSTEMPATH\CodeIgniter.php(494): CodeIgniter\CodeIgniter->runController(Object(App\Controllers\Alumno))
 4 SYSTEMPATH\CodeIgniter.php(353): CodeIgniter\CodeIgniter->handleRequest(null, Object(Config\Cache), false)
 5 FCPATH\index.php(79): CodeIgniter\CodeIgniter->run()
 6 SYSTEMPATH\Commands\Server\rewrite.php(47): require_once('C:\\xampp\\htdocs\\app_web\\public\\index.php')
CRITICAL - 2023-10-17 16:11:28 --> Undefined array key "fechaNacimiento"
in APPPATH\Controllers\Alumno.php on line 61.
 1 APPPATH\Controllers\Alumno.php(61): CodeIgniter\Debug\Exceptions->errorHandler(2, 'Undefined array key "fechaNacimiento"', 'C:\\xampp\\htdocs\\app_web\\app\\Controllers\\Alumno.php', 61)
 2 SYSTEMPATH\CodeIgniter.php(919): App\Controllers\Alumno->insert()
 3 SYSTEMPATH\CodeIgniter.php(494): CodeIgniter\CodeIgniter->runController(Object(App\Controllers\Alumno))
 4 SYSTEMPATH\CodeIgniter.php(353): CodeIgniter\CodeIgniter->handleRequest(null, Object(Config\Cache), false)
 5 FCPATH\index.php(79): CodeIgniter\CodeIgniter->run()
 6 SYSTEMPATH\Commands\Server\rewrite.php(47): require_once('C:\\xampp\\htdocs\\app_web\\public\\index.php')
CRITICAL - 2023-10-17 16:12:50 --> Undefined array key "fechaNacimiento"
in APPPATH\Controllers\Alumno.php on line 61.
 1 APPPATH\Controllers\Alumno.php(61): CodeIgniter\Debug\Exceptions->errorHandler(2, 'Undefined array key "fechaNacimiento"', 'C:\\xampp\\htdocs\\app_web\\app\\Controllers\\Alumno.php', 61)
 2 SYSTEMPATH\CodeIgniter.php(919): App\Controllers\Alumno->insert()
 3 SYSTEMPATH\CodeIgniter.php(494): CodeIgniter\CodeIgniter->runController(Object(App\Controllers\Alumno))
 4 SYSTEMPATH\CodeIgniter.php(353): CodeIgniter\CodeIgniter->handleRequest(null, Object(Config\Cache), false)
 5 FCPATH\index.php(79): CodeIgniter\CodeIgniter->run()
 6 SYSTEMPATH\Commands\Server\rewrite.php(47): require_once('C:\\xampp\\htdocs\\app_web\\public\\index.php')
CRITICAL - 2023-10-17 16:16:05 --> Undefined array key "fechaNacimiento"
in APPPATH\Controllers\Alumno.php on line 62.
 1 APPPATH\Controllers\Alumno.php(62): CodeIgniter\Debug\Exceptions->errorHandler(2, 'Undefined array key "fechaNacimiento"', 'C:\\xampp\\htdocs\\app_web\\app\\Controllers\\Alumno.php', 62)
 2 SYSTEMPATH\CodeIgniter.php(919): App\Controllers\Alumno->insert()
 3 SYSTEMPATH\CodeIgniter.php(494): CodeIgniter\CodeIgniter->runController(Object(App\Controllers\Alumno))
 4 SYSTEMPATH\CodeIgniter.php(353): CodeIgniter\CodeIgniter->handleRequest(null, Object(Config\Cache), false)
 5 FCPATH\index.php(79): CodeIgniter\CodeIgniter->run()
 6 SYSTEMPATH\Commands\Server\rewrite.php(47): require_once('C:\\xampp\\htdocs\\app_web\\public\\index.php')
CRITICAL - 2023-10-17 16:21:40 --> Undefined array key "fechaNacimiento"
in APPPATH\Controllers\Alumno.php on line 59.
 1 APPPATH\Controllers\Alumno.php(59): CodeIgniter\Debug\Exceptions->errorHandler(2, 'Undefined array key "fechaNacimiento"', 'C:\\xampp\\htdocs\\app_web\\app\\Controllers\\Alumno.php', 59)
 2 SYSTEMPATH\CodeIgniter.php(919): App\Controllers\Alumno->insert()
 3 SYSTEMPATH\CodeIgniter.php(494): CodeIgniter\CodeIgniter->runController(Object(App\Controllers\Alumno))
 4 SYSTEMPATH\CodeIgniter.php(353): CodeIgniter\CodeIgniter->handleRequest(null, Object(Config\Cache), false)
 5 FCPATH\index.php(79): CodeIgniter\CodeIgniter->run()
 6 SYSTEMPATH\Commands\Server\rewrite.php(47): require_once('C:\\xampp\\htdocs\\app_web\\public\\index.php')
CRITICAL - 2023-10-17 16:21:42 --> Undefined array key "fechaNacimiento"
in APPPATH\Controllers\Alumno.php on line 59.
 1 APPPATH\Controllers\Alumno.php(59): CodeIgniter\Debug\Exceptions->errorHandler(2, 'Undefined array key "fechaNacimiento"', 'C:\\xampp\\htdocs\\app_web\\app\\Controllers\\Alumno.php', 59)
 2 SYSTEMPATH\CodeIgniter.php(919): App\Controllers\Alumno->insert()
 3 SYSTEMPATH\CodeIgniter.php(494): CodeIgniter\CodeIgniter->runController(Object(App\Controllers\Alumno))
 4 SYSTEMPATH\CodeIgniter.php(353): CodeIgniter\CodeIgniter->handleRequest(null, Object(Config\Cache), false)
 5 FCPATH\index.php(79): CodeIgniter\CodeIgniter->run()
 6 SYSTEMPATH\Commands\Server\rewrite.php(47): require_once('C:\\xampp\\htdocs\\app_web\\public\\index.php')
CRITICAL - 2023-10-17 16:21:44 --> Undefined array key "fechaNacimiento"
in APPPATH\Controllers\Alumno.php on line 59.
 1 APPPATH\Controllers\Alumno.php(59): CodeIgniter\Debug\Exceptions->errorHandler(2, 'Undefined array key "fechaNacimiento"', 'C:\\xampp\\htdocs\\app_web\\app\\Controllers\\Alumno.php', 59)
 2 SYSTEMPATH\CodeIgniter.php(919): App\Controllers\Alumno->insert()
 3 SYSTEMPATH\CodeIgniter.php(494): CodeIgniter\CodeIgniter->runController(Object(App\Controllers\Alumno))
 4 SYSTEMPATH\CodeIgniter.php(353): CodeIgniter\CodeIgniter->handleRequest(null, Object(Config\Cache), false)
 5 FCPATH\index.php(79): CodeIgniter\CodeIgniter->run()
 6 SYSTEMPATH\Commands\Server\rewrite.php(47): require_once('C:\\xampp\\htdocs\\app_web\\public\\index.php')
CRITICAL - 2023-10-17 16:21:45 --> Undefined array key "fechaNacimiento"
in APPPATH\Controllers\Alumno.php on line 59.
 1 APPPATH\Controllers\Alumno.php(59): CodeIgniter\Debug\Exceptions->errorHandler(2, 'Undefined array key "fechaNacimiento"', 'C:\\xampp\\htdocs\\app_web\\app\\Controllers\\Alumno.php', 59)
 2 SYSTEMPATH\CodeIgniter.php(919): App\Controllers\Alumno->insert()
 3 SYSTEMPATH\CodeIgniter.php(494): CodeIgniter\CodeIgniter->runController(Object(App\Controllers\Alumno))
 4 SYSTEMPATH\CodeIgniter.php(353): CodeIgniter\CodeIgniter->handleRequest(null, Object(Config\Cache), false)
 5 FCPATH\index.php(79): CodeIgniter\CodeIgniter->run()
 6 SYSTEMPATH\Commands\Server\rewrite.php(47): require_once('C:\\xampp\\htdocs\\app_web\\public\\index.php')
CRITICAL - 2023-10-17 16:21:45 --> Undefined array key "fechaNacimiento"
in APPPATH\Controllers\Alumno.php on line 59.
 1 APPPATH\Controllers\Alumno.php(59): CodeIgniter\Debug\Exceptions->errorHandler(2, 'Undefined array key "fechaNacimiento"', 'C:\\xampp\\htdocs\\app_web\\app\\Controllers\\Alumno.php', 59)
 2 SYSTEMPATH\CodeIgniter.php(919): App\Controllers\Alumno->insert()
 3 SYSTEMPATH\CodeIgniter.php(494): CodeIgniter\CodeIgniter->runController(Object(App\Controllers\Alumno))
 4 SYSTEMPATH\CodeIgniter.php(353): CodeIgniter\CodeIgniter->handleRequest(null, Object(Config\Cache), false)
 5 FCPATH\index.php(79): CodeIgniter\CodeIgniter->run()
 6 SYSTEMPATH\Commands\Server\rewrite.php(47): require_once('C:\\xampp\\htdocs\\app_web\\public\\index.php')
CRITICAL - 2023-10-17 16:21:46 --> Undefined array key "fechaNacimiento"
in APPPATH\Controllers\Alumno.php on line 59.
 1 APPPATH\Controllers\Alumno.php(59): CodeIgniter\Debug\Exceptions->errorHandler(2, 'Undefined array key "fechaNacimiento"', 'C:\\xampp\\htdocs\\app_web\\app\\Controllers\\Alumno.php', 59)
 2 SYSTEMPATH\CodeIgniter.php(919): App\Controllers\Alumno->insert()
 3 SYSTEMPATH\CodeIgniter.php(494): CodeIgniter\CodeIgniter->runController(Object(App\Controllers\Alumno))
 4 SYSTEMPATH\CodeIgniter.php(353): CodeIgniter\CodeIgniter->handleRequest(null, Object(Config\Cache), false)
 5 FCPATH\index.php(79): CodeIgniter\CodeIgniter->run()
 6 SYSTEMPATH\Commands\Server\rewrite.php(47): require_once('C:\\xampp\\htdocs\\app_web\\public\\index.php')
CRITICAL - 2023-10-17 16:21:46 --> Undefined array key "fechaNacimiento"
in APPPATH\Controllers\Alumno.php on line 59.
 1 APPPATH\Controllers\Alumno.php(59): CodeIgniter\Debug\Exceptions->errorHandler(2, 'Undefined array key "fechaNacimiento"', 'C:\\xampp\\htdocs\\app_web\\app\\Controllers\\Alumno.php', 59)
 2 SYSTEMPATH\CodeIgniter.php(919): App\Controllers\Alumno->insert()
 3 SYSTEMPATH\CodeIgniter.php(494): CodeIgniter\CodeIgniter->runController(Object(App\Controllers\Alumno))
 4 SYSTEMPATH\CodeIgniter.php(353): CodeIgniter\CodeIgniter->handleRequest(null, Object(Config\Cache), false)
 5 FCPATH\index.php(79): CodeIgniter\CodeIgniter->run()
 6 SYSTEMPATH\Commands\Server\rewrite.php(47): require_once('C:\\xampp\\htdocs\\app_web\\public\\index.php')
CRITICAL - 2023-10-17 16:21:47 --> Undefined array key "fechaNacimiento"
in APPPATH\Controllers\Alumno.php on line 59.
 1 APPPATH\Controllers\Alumno.php(59): CodeIgniter\Debug\Exceptions->errorHandler(2, 'Undefined array key "fechaNacimiento"', 'C:\\xampp\\htdocs\\app_web\\app\\Controllers\\Alumno.php', 59)
 2 SYSTEMPATH\CodeIgniter.php(919): App\Controllers\Alumno->insert()
 3 SYSTEMPATH\CodeIgniter.php(494): CodeIgniter\CodeIgniter->runController(Object(App\Controllers\Alumno))
 4 SYSTEMPATH\CodeIgniter.php(353): CodeIgniter\CodeIgniter->handleRequest(null, Object(Config\Cache), false)
 5 FCPATH\index.php(79): CodeIgniter\CodeIgniter->run()
 6 SYSTEMPATH\Commands\Server\rewrite.php(47): require_once('C:\\xampp\\htdocs\\app_web\\public\\index.php')
CRITICAL - 2023-10-17 16:21:47 --> Undefined array key "fechaNacimiento"
in APPPATH\Controllers\Alumno.php on line 59.
 1 APPPATH\Controllers\Alumno.php(59): CodeIgniter\Debug\Exceptions->errorHandler(2, 'Undefined array key "fechaNacimiento"', 'C:\\xampp\\htdocs\\app_web\\app\\Controllers\\Alumno.php', 59)
 2 SYSTEMPATH\CodeIgniter.php(919): App\Controllers\Alumno->insert()
 3 SYSTEMPATH\CodeIgniter.php(494): CodeIgniter\CodeIgniter->runController(Object(App\Controllers\Alumno))
 4 SYSTEMPATH\CodeIgniter.php(353): CodeIgniter\CodeIgniter->handleRequest(null, Object(Config\Cache), false)
 5 FCPATH\index.php(79): CodeIgniter\CodeIgniter->run()
 6 SYSTEMPATH\Commands\Server\rewrite.php(47): require_once('C:\\xampp\\htdocs\\app_web\\public\\index.php')
CRITICAL - 2023-10-17 16:21:48 --> Undefined array key "fechaNacimiento"
in APPPATH\Controllers\Alumno.php on line 59.
 1 APPPATH\Controllers\Alumno.php(59): CodeIgniter\Debug\Exceptions->errorHandler(2, 'Undefined array key "fechaNacimiento"', 'C:\\xampp\\htdocs\\app_web\\app\\Controllers\\Alumno.php', 59)
 2 SYSTEMPATH\CodeIgniter.php(919): App\Controllers\Alumno->insert()
 3 SYSTEMPATH\CodeIgniter.php(494): CodeIgniter\CodeIgniter->runController(Object(App\Controllers\Alumno))
 4 SYSTEMPATH\CodeIgniter.php(353): CodeIgniter\CodeIgniter->handleRequest(null, Object(Config\Cache), false)
 5 FCPATH\index.php(79): CodeIgniter\CodeIgniter->run()
 6 SYSTEMPATH\Commands\Server\rewrite.php(47): require_once('C:\\xampp\\htdocs\\app_web\\public\\index.php')
CRITICAL - 2023-10-17 16:24:01 --> Undefined array key "fechaNacimiento"
in APPPATH\Controllers\Alumno.php on line 59.
 1 APPPATH\Controllers\Alumno.php(59): CodeIgniter\Debug\Exceptions->errorHandler(2, 'Undefined array key "fechaNacimiento"', 'C:\\xampp\\htdocs\\app_web\\app\\Controllers\\Alumno.php', 59)
 2 SYSTEMPATH\CodeIgniter.php(919): App\Controllers\Alumno->insert()
 3 SYSTEMPATH\CodeIgniter.php(494): CodeIgniter\CodeIgniter->runController(Object(App\Controllers\Alumno))
 4 SYSTEMPATH\CodeIgniter.php(353): CodeIgniter\CodeIgniter->handleRequest(null, Object(Config\Cache), false)
 5 FCPATH\index.php(79): CodeIgniter\CodeIgniter->run()
 6 SYSTEMPATH\Commands\Server\rewrite.php(47): require_once('C:\\xampp\\htdocs\\app_web\\public\\index.php')
CRITICAL - 2023-10-17 16:24:05 --> Undefined array key "fechaNacimiento"
in APPPATH\Controllers\Alumno.php on line 59.
 1 APPPATH\Controllers\Alumno.php(59): CodeIgniter\Debug\Exceptions->errorHandler(2, 'Undefined array key "fechaNacimiento"', 'C:\\xampp\\htdocs\\app_web\\app\\Controllers\\Alumno.php', 59)
 2 SYSTEMPATH\CodeIgniter.php(919): App\Controllers\Alumno->insert()
 3 SYSTEMPATH\CodeIgniter.php(494): CodeIgniter\CodeIgniter->runController(Object(App\Controllers\Alumno))
 4 SYSTEMPATH\CodeIgniter.php(353): CodeIgniter\CodeIgniter->handleRequest(null, Object(Config\Cache), false)
 5 FCPATH\index.php(79): CodeIgniter\CodeIgniter->run()
 6 SYSTEMPATH\Commands\Server\rewrite.php(47): require_once('C:\\xampp\\htdocs\\app_web\\public\\index.php')
CRITICAL - 2023-10-17 16:24:05 --> Undefined array key "fechaNacimiento"
in APPPATH\Controllers\Alumno.php on line 59.
 1 APPPATH\Controllers\Alumno.php(59): CodeIgniter\Debug\Exceptions->errorHandler(2, 'Undefined array key "fechaNacimiento"', 'C:\\xampp\\htdocs\\app_web\\app\\Controllers\\Alumno.php', 59)
 2 SYSTEMPATH\CodeIgniter.php(919): App\Controllers\Alumno->insert()
 3 SYSTEMPATH\CodeIgniter.php(494): CodeIgniter\CodeIgniter->runController(Object(App\Controllers\Alumno))
 4 SYSTEMPATH\CodeIgniter.php(353): CodeIgniter\CodeIgniter->handleRequest(null, Object(Config\Cache), false)
 5 FCPATH\index.php(79): CodeIgniter\CodeIgniter->run()
 6 SYSTEMPATH\Commands\Server\rewrite.php(47): require_once('C:\\xampp\\htdocs\\app_web\\public\\index.php')
CRITICAL - 2023-10-17 16:24:06 --> Undefined array key "fechaNacimiento"
in APPPATH\Controllers\Alumno.php on line 59.
 1 APPPATH\Controllers\Alumno.php(59): CodeIgniter\Debug\Exceptions->errorHandler(2, 'Undefined array key "fechaNacimiento"', 'C:\\xampp\\htdocs\\app_web\\app\\Controllers\\Alumno.php', 59)
 2 SYSTEMPATH\CodeIgniter.php(919): App\Controllers\Alumno->insert()
 3 SYSTEMPATH\CodeIgniter.php(494): CodeIgniter\CodeIgniter->runController(Object(App\Controllers\Alumno))
 4 SYSTEMPATH\CodeIgniter.php(353): CodeIgniter\CodeIgniter->handleRequest(null, Object(Config\Cache), false)
 5 FCPATH\index.php(79): CodeIgniter\CodeIgniter->run()
 6 SYSTEMPATH\Commands\Server\rewrite.php(47): require_once('C:\\xampp\\htdocs\\app_web\\public\\index.php')
CRITICAL - 2023-10-17 16:24:08 --> Undefined array key "fechaNacimiento"
in APPPATH\Controllers\Alumno.php on line 59.
 1 APPPATH\Controllers\Alumno.php(59): CodeIgniter\Debug\Exceptions->errorHandler(2, 'Undefined array key "fechaNacimiento"', 'C:\\xampp\\htdocs\\app_web\\app\\Controllers\\Alumno.php', 59)
 2 SYSTEMPATH\CodeIgniter.php(919): App\Controllers\Alumno->insert()
 3 SYSTEMPATH\CodeIgniter.php(494): CodeIgniter\CodeIgniter->runController(Object(App\Controllers\Alumno))
 4 SYSTEMPATH\CodeIgniter.php(353): CodeIgniter\CodeIgniter->handleRequest(null, Object(Config\Cache), false)
 5 FCPATH\index.php(79): CodeIgniter\CodeIgniter->run()
 6 SYSTEMPATH\Commands\Server\rewrite.php(47): require_once('C:\\xampp\\htdocs\\app_web\\public\\index.php')
CRITICAL - 2023-10-17 16:24:09 --> Undefined array key "fechaNacimiento"
in APPPATH\Controllers\Alumno.php on line 59.
 1 APPPATH\Controllers\Alumno.php(59): CodeIgniter\Debug\Exceptions->errorHandler(2, 'Undefined array key "fechaNacimiento"', 'C:\\xampp\\htdocs\\app_web\\app\\Controllers\\Alumno.php', 59)
 2 SYSTEMPATH\CodeIgniter.php(919): App\Controllers\Alumno->insert()
 3 SYSTEMPATH\CodeIgniter.php(494): CodeIgniter\CodeIgniter->runController(Object(App\Controllers\Alumno))
 4 SYSTEMPATH\CodeIgniter.php(353): CodeIgniter\CodeIgniter->handleRequest(null, Object(Config\Cache), false)
 5 FCPATH\index.php(79): CodeIgniter\CodeIgniter->run()
 6 SYSTEMPATH\Commands\Server\rewrite.php(47): require_once('C:\\xampp\\htdocs\\app_web\\public\\index.php')
CRITICAL - 2023-10-17 16:24:10 --> Undefined array key "fechaNacimiento"
in APPPATH\Controllers\Alumno.php on line 59.
 1 APPPATH\Controllers\Alumno.php(59): CodeIgniter\Debug\Exceptions->errorHandler(2, 'Undefined array key "fechaNacimiento"', 'C:\\xampp\\htdocs\\app_web\\app\\Controllers\\Alumno.php', 59)
 2 SYSTEMPATH\CodeIgniter.php(919): App\Controllers\Alumno->insert()
 3 SYSTEMPATH\CodeIgniter.php(494): CodeIgniter\CodeIgniter->runController(Object(App\Controllers\Alumno))
 4 SYSTEMPATH\CodeIgniter.php(353): CodeIgniter\CodeIgniter->handleRequest(null, Object(Config\Cache), false)
 5 FCPATH\index.php(79): CodeIgniter\CodeIgniter->run()
 6 SYSTEMPATH\Commands\Server\rewrite.php(47): require_once('C:\\xampp\\htdocs\\app_web\\public\\index.php')
CRITICAL - 2023-10-17 16:24:19 --> Undefined array key "fechaNacimiento"
in APPPATH\Controllers\Alumno.php on line 59.
 1 APPPATH\Controllers\Alumno.php(59): CodeIgniter\Debug\Exceptions->errorHandler(2, 'Undefined array key "fechaNacimiento"', 'C:\\xampp\\htdocs\\app_web\\app\\Controllers\\Alumno.php', 59)
 2 SYSTEMPATH\CodeIgniter.php(919): App\Controllers\Alumno->insert()
 3 SYSTEMPATH\CodeIgniter.php(494): CodeIgniter\CodeIgniter->runController(Object(App\Controllers\Alumno))
 4 SYSTEMPATH\CodeIgniter.php(353): CodeIgniter\CodeIgniter->handleRequest(null, Object(Config\Cache), false)
 5 FCPATH\index.php(79): CodeIgniter\CodeIgniter->run()
 6 SYSTEMPATH\Commands\Server\rewrite.php(47): require_once('C:\\xampp\\htdocs\\app_web\\public\\index.php')
CRITICAL - 2023-10-17 16:24:19 --> Undefined array key "fechaNacimiento"
in APPPATH\Controllers\Alumno.php on line 59.
 1 APPPATH\Controllers\Alumno.php(59): CodeIgniter\Debug\Exceptions->errorHandler(2, 'Undefined array key "fechaNacimiento"', 'C:\\xampp\\htdocs\\app_web\\app\\Controllers\\Alumno.php', 59)
 2 SYSTEMPATH\CodeIgniter.php(919): App\Controllers\Alumno->insert()
 3 SYSTEMPATH\CodeIgniter.php(494): CodeIgniter\CodeIgniter->runController(Object(App\Controllers\Alumno))
 4 SYSTEMPATH\CodeIgniter.php(353): CodeIgniter\CodeIgniter->handleRequest(null, Object(Config\Cache), false)
 5 FCPATH\index.php(79): CodeIgniter\CodeIgniter->run()
 6 SYSTEMPATH\Commands\Server\rewrite.php(47): require_once('C:\\xampp\\htdocs\\app_web\\public\\index.php')
